[0.020s] Invoking command in '/home/el-system/launcher_l/build/drone_sender': CMAKE_PREFIX_PATH=/opt/ros/foxy /usr/bin/cmake --build /home/el-system/launcher_l/build/drone_sender -- -j12 -l12
[0.062s] [100%] Built target control
[0.070s] Invoked command in '/home/el-system/launcher_l/build/drone_sender' returned '0': CMAKE_PREFIX_PATH=/opt/ros/foxy /usr/bin/cmake --build /home/el-system/launcher_l/build/drone_sender -- -j12 -l12
[0.080s] Invoking command in '/home/el-system/launcher_l/build/drone_sender': CMAKE_PREFIX_PATH=/opt/ros/foxy /usr/bin/cmake --install /home/el-system/launcher_l/build/drone_sender
[0.087s] -- Install configuration: ""
[0.087s] -- Up-to-date: /home/el-system/launcher_l/install/drone_sender/lib/drone_sender/control
[0.088s] -- Up-to-date: /home/el-system/launcher_l/install/drone_sender/share/ament_index/resource_index/package_run_dependencies/drone_sender
[0.088s] -- Up-to-date: /home/el-system/launcher_l/install/drone_sender/share/ament_index/resource_index/parent_prefix_path/drone_sender
[0.088s] -- Up-to-date: /home/el-system/launcher_l/install/drone_sender/share/drone_sender/environment/ament_prefix_path.sh
[0.088s] -- Up-to-date: /home/el-system/launcher_l/install/drone_sender/share/drone_sender/environment/ament_prefix_path.dsv
[0.088s] -- Up-to-date: /home/el-system/launcher_l/install/drone_sender/share/drone_sender/environment/path.sh
[0.089s] -- Up-to-date: /home/el-system/launcher_l/install/drone_sender/share/drone_sender/environment/path.dsv
[0.089s] -- Up-to-date: /home/el-system/launcher_l/install/drone_sender/share/drone_sender/local_setup.bash
[0.089s] -- Up-to-date: /home/el-system/launcher_l/install/drone_sender/share/drone_sender/local_setup.sh
[0.089s] -- Up-to-date: /home/el-system/launcher_l/install/drone_sender/share/drone_sender/local_setup.zsh
[0.089s] -- Up-to-date: /home/el-system/launcher_l/install/drone_sender/share/drone_sender/local_setup.dsv
[0.089s] -- Installing: /home/el-system/launcher_l/install/drone_sender/share/drone_sender/package.dsv
[0.090s] -- Up-to-date: /home/el-system/launcher_l/install/drone_sender/share/ament_index/resource_index/packages/drone_sender
[0.090s] -- Up-to-date: /home/el-system/launcher_l/install/drone_sender/share/drone_sender/cmake/drone_senderConfig.cmake
[0.090s] -- Up-to-date: /home/el-system/launcher_l/install/drone_sender/share/drone_sender/cmake/drone_senderConfig-version.cmake
[0.091s] -- Up-to-date: /home/el-system/launcher_l/install/drone_sender/share/drone_sender/package.xml
[0.091s] Invoked command in '/home/el-system/launcher_l/build/drone_sender' returned '0': CMAKE_PREFIX_PATH=/opt/ros/foxy /usr/bin/cmake --install /home/el-system/launcher_l/build/drone_sender
