[0.017s] Invoking command in '/home/el-system/launcher_l/build/drone_sender': CMAKE_PREFIX_PATH=/opt/ros/foxy /usr/bin/cmake /home/el-system/launcher_l/src/drone_sender -DCMAKE_INSTALL_PREFIX=/home/el-system/launcher_l/install/drone_sender
[0.138s] -- The C compiler identification is GNU 9.4.0
[0.214s] -- The CXX compiler identification is GNU 9.4.0
[0.217s] -- Check for working C compiler: /usr/lib/ccache/cc
[0.264s] -- Check for working C compiler: /usr/lib/ccache/cc -- works
[0.265s] -- Detecting C compiler ABI info
[0.302s] -- Detecting C compiler ABI info - done
[0.310s] -- Detecting C compile features
[0.310s] -- Detecting C compile features - done
[0.312s] -- Check for working CXX compiler: /usr/lib/ccache/c++
[0.365s] -- Check for working CXX compiler: /usr/lib/ccache/c++ -- works
[0.366s] -- Detecting CXX compiler ABI info
[0.409s] -- Detecting CXX compiler ABI info - done
[0.417s] -- Detecting CXX compile features
[0.418s] -- Detecting CXX compile features - done
[0.419s] -- Found ament_cmake: 0.9.12 (/opt/ros/foxy/share/ament_cmake/cmake)
[0.436s] -- Found PythonInterp: /usr/bin/python3 (found suitable version "3.8.10", minimum required is "3") 
[0.436s] -- Using PYTHON_EXECUTABLE: /usr/bin/python3
[0.577s] -- Found rclcpp: 2.4.3 (/opt/ros/foxy/share/rclcpp/cmake)
[0.613s] -- Using all available rosidl_typesupport_c: rosidl_typesupport_fastrtps_c;rosidl_typesupport_introspection_c
[0.617s] -- Found rosidl_adapter: 1.3.1 (/opt/ros/foxy/share/rosidl_adapter/cmake)
[0.673s] -- Found OpenSSL: /usr/lib/x86_64-linux-gnu/libcrypto.so (found version "1.1.1f")  
[0.702s] -- Found FastRTPS: /opt/ros/foxy/include  
[0.768s] -- Using all available rosidl_typesupport_cpp: rosidl_typesupport_fastrtps_cpp;rosidl_typesupport_introspection_cpp
[0.804s] -- Found rmw_implementation_cmake: 1.0.4 (/opt/ros/foxy/share/rmw_implementation_cmake/cmake)
[0.805s] -- Using RMW implementation 'rmw_fastrtps_cpp' as default
[0.805s] -- Looking for pthread.h
[0.859s] -- Looking for pthread.h - found
[0.860s] -- Performing Test CMAKE_HAVE_LIBC_PTHREAD
[0.916s] -- Performing Test CMAKE_HAVE_LIBC_PTHREAD - Failed
[0.916s] -- Looking for pthread_create in pthreads
[0.947s] -- Looking for pthread_create in pthreads - not found
[0.948s] -- Looking for pthread_create in pthread
[0.990s] -- Looking for pthread_create in pthread - found
[0.992s] -- Found Threads: TRUE  
[1.101s] -- Found geometry_msgs: 2.0.5 (/opt/ros/foxy/share/geometry_msgs/cmake)
[1.126s] -- Found mavros_msgs: 2.4.0 (/opt/ros/foxy/share/mavros_msgs/cmake)
[1.474s] -- Found ament_lint_auto: 0.9.8 (/opt/ros/foxy/share/ament_lint_auto/cmake)
[1.529s] -- Added test 'copyright' to check source files copyright and LICENSE
[1.530s] -- Added test 'cppcheck' to perform static code analysis on C / C++ code
[1.530s] -- Configured cppcheck include dirs: 
[1.530s] -- Configured cppcheck exclude dirs and/or files: 
[1.530s] -- Added test 'cpplint' to check C / C++ code against the Google style
[1.530s] -- Configured cpplint exclude dirs and/or files: 
[1.530s] -- Added test 'lint_cmake' to check CMake code style
[1.531s] -- Added test 'uncrustify' to check C / C++ code style
[1.531s] -- Configured uncrustify additional arguments: 
[1.531s] -- Added test 'xmllint' to check XML markup files
[1.533s] -- Configuring done
[1.540s] -- Generating done
[1.543s] -- Build files have been written to: /home/el-system/launcher_l/build/drone_sender
[1.549s] Invoked command in '/home/el-system/launcher_l/build/drone_sender' returned '0': CMAKE_PREFIX_PATH=/opt/ros/foxy /usr/bin/cmake /home/el-system/launcher_l/src/drone_sender -DCMAKE_INSTALL_PREFIX=/home/el-system/launcher_l/install/drone_sender
[1.552s] Invoking command in '/home/el-system/launcher_l/build/drone_sender': CMAKE_PREFIX_PATH=/opt/ros/foxy /usr/bin/cmake --build /home/el-system/launcher_l/build/drone_sender -- -j12 -l12
[1.582s] [35m[1mScanning dependencies of target control[0m
[1.611s] [ 50%] [32mBuilding CXX object CMakeFiles/control.dir/src/control.cpp.o[0m
[6.702s] [100%] [32m[1mLinking CXX executable control[0m
[6.941s] [100%] Built target control
[6.952s] Invoked command in '/home/el-system/launcher_l/build/drone_sender' returned '0': CMAKE_PREFIX_PATH=/opt/ros/foxy /usr/bin/cmake --build /home/el-system/launcher_l/build/drone_sender -- -j12 -l12
[6.955s] Invoking command in '/home/el-system/launcher_l/build/drone_sender': CMAKE_PREFIX_PATH=/opt/ros/foxy /usr/bin/cmake --install /home/el-system/launcher_l/build/drone_sender
[6.962s] -- Install configuration: ""
[6.963s] -- Installing: /home/el-system/launcher_l/install/drone_sender/lib/drone_sender/control
[6.964s] -- Set runtime path of "/home/el-system/launcher_l/install/drone_sender/lib/drone_sender/control" to ""
[6.965s] -- Installing: /home/el-system/launcher_l/install/drone_sender/share/ament_index/resource_index/package_run_dependencies/drone_sender
[6.965s] -- Installing: /home/el-system/launcher_l/install/drone_sender/share/ament_index/resource_index/parent_prefix_path/drone_sender
[6.965s] -- Installing: /home/el-system/launcher_l/install/drone_sender/share/drone_sender/environment/ament_prefix_path.sh
[6.965s] -- Installing: /home/el-system/launcher_l/install/drone_sender/share/drone_sender/environment/ament_prefix_path.dsv
[6.965s] -- Installing: /home/el-system/launcher_l/install/drone_sender/share/drone_sender/environment/path.sh
[6.965s] -- Installing: /home/el-system/launcher_l/install/drone_sender/share/drone_sender/environment/path.dsv
[6.965s] -- Installing: /home/el-system/launcher_l/install/drone_sender/share/drone_sender/local_setup.bash
[6.965s] -- Installing: /home/el-system/launcher_l/install/drone_sender/share/drone_sender/local_setup.sh
[6.965s] -- Installing: /home/el-system/launcher_l/install/drone_sender/share/drone_sender/local_setup.zsh
[6.966s] -- Installing: /home/el-system/launcher_l/install/drone_sender/share/drone_sender/local_setup.dsv
[6.966s] -- Installing: /home/el-system/launcher_l/install/drone_sender/share/drone_sender/package.dsv
[6.966s] -- Installing: /home/el-system/launcher_l/install/drone_sender/share/ament_index/resource_index/packages/drone_sender
[6.966s] -- Installing: /home/el-system/launcher_l/install/drone_sender/share/drone_sender/cmake/drone_senderConfig.cmake
[6.966s] -- Installing: /home/el-system/launcher_l/install/drone_sender/share/drone_sender/cmake/drone_senderConfig-version.cmake
[6.966s] -- Installing: /home/el-system/launcher_l/install/drone_sender/share/drone_sender/package.xml
[6.967s] Invoked command in '/home/el-system/launcher_l/build/drone_sender' returned '0': CMAKE_PREFIX_PATH=/opt/ros/foxy /usr/bin/cmake --install /home/el-system/launcher_l/build/drone_sender
