[0.023s] Invoking command in '/home/el-system/launcher_l/build/drone_sender': CMAKE_PREFIX_PATH=${CMAKE_PREFIX_PATH}:/opt/ros/foxy /usr/bin/cmake --build /home/el-system/launcher_l/build/drone_sender -- -j12 -l12
[0.072s] [100%] Built target control
[0.079s] Invoked command in '/home/el-system/launcher_l/build/drone_sender' returned '0': CMAKE_PREFIX_PATH=${CMAKE_PREFIX_PATH}:/opt/ros/foxy /usr/bin/cmake --build /home/el-system/launcher_l/build/drone_sender -- -j12 -l12
[0.090s] Invoking command in '/home/el-system/launcher_l/build/drone_sender': CMAKE_PREFIX_PATH=${CMAKE_PREFIX_PATH}:/opt/ros/foxy /usr/bin/cmake --install /home/el-system/launcher_l/build/drone_sender
[0.096s] -- Install configuration: ""
[0.096s] -- Up-to-date: /home/el-system/launcher_l/install/drone_sender/lib/drone_sender/control
[0.096s] -- Up-to-date: /home/el-system/launcher_l/install/drone_sender/share/ament_index/resource_index/package_run_dependencies/drone_sender
[0.097s] -- Up-to-date: /home/el-system/launcher_l/install/drone_sender/share/ament_index/resource_index/parent_prefix_path/drone_sender
[0.097s] -- Up-to-date: /home/el-system/launcher_l/install/drone_sender/share/drone_sender/environment/ament_prefix_path.sh
[0.098s] -- Up-to-date: /home/el-system/launcher_l/install/drone_sender/share/drone_sender/environment/ament_prefix_path.dsv
[0.098s] -- Up-to-date: /home/el-system/launcher_l/install/drone_sender/share/drone_sender/environment/path.sh
[0.098s] -- Up-to-date: /home/el-system/launcher_l/install/drone_sender/share/drone_sender/environment/path.dsv
[0.099s] -- Up-to-date: /home/el-system/launcher_l/install/drone_sender/share/drone_sender/local_setup.bash
[0.099s] -- Up-to-date: /home/el-system/launcher_l/install/drone_sender/share/drone_sender/local_setup.sh
[0.099s] -- Up-to-date: /home/el-system/launcher_l/install/drone_sender/share/drone_sender/local_setup.zsh
[0.100s] -- Up-to-date: /home/el-system/launcher_l/install/drone_sender/share/drone_sender/local_setup.dsv
[0.100s] -- Installing: /home/el-system/launcher_l/install/drone_sender/share/drone_sender/package.dsv
[0.100s] -- Up-to-date: /home/el-system/launcher_l/install/drone_sender/share/ament_index/resource_index/packages/drone_sender
[0.100s] -- Up-to-date: /home/el-system/launcher_l/install/drone_sender/share/drone_sender/cmake/drone_senderConfig.cmake
[0.100s] -- Up-to-date: /home/el-system/launcher_l/install/drone_sender/share/drone_sender/cmake/drone_senderConfig-version.cmake
[0.101s] -- Up-to-date: /home/el-system/launcher_l/install/drone_sender/share/drone_sender/package.xml
[0.101s] Invoked command in '/home/el-system/launcher_l/build/drone_sender' returned '0': CMAKE_PREFIX_PATH=${CMAKE_PREFIX_PATH}:/opt/ros/foxy /usr/bin/cmake --install /home/el-system/launcher_l/build/drone_sender
