[0.013s] Invoking command in '/home/el-system/launcher_l/build/drone_teleop': CMAKE_PREFIX_PATH=/opt/ros/foxy /usr/bin/cmake /home/el-system/launcher_l/src/drone_teleop -DCMAKE_INSTALL_PREFIX=/home/el-system/launcher_l/install/drone_teleop
[0.127s] -- The C compiler identification is GNU 9.4.0
[0.201s] -- The CXX compiler identification is GNU 9.4.0
[0.204s] -- Check for working C compiler: /usr/lib/ccache/cc
[0.252s] -- Check for working C compiler: /usr/lib/ccache/cc -- works
[0.254s] -- Detecting C compiler ABI info
[0.292s] -- Detecting C compiler ABI info - done
[0.304s] -- Detecting C compile features
[0.304s] -- Detecting C compile features - done
[0.306s] -- Check for working CXX compiler: /usr/lib/ccache/c++
[0.365s] -- Check for working CXX compiler: /usr/lib/ccache/c++ -- works
[0.366s] -- Detecting CXX compiler ABI info
[0.405s] -- Detecting CXX compiler ABI info - done
[0.413s] -- Detecting CXX compile features
[0.413s] -- Detecting CXX compile features - done
[0.414s] -- Found ament_cmake: 0.9.12 (/opt/ros/foxy/share/ament_cmake/cmake)
[0.432s] -- Found PythonInterp: /usr/bin/python3 (found suitable version "3.8.10", minimum required is "3") 
[0.432s] -- Using PYTHON_EXECUTABLE: /usr/bin/python3
[0.564s] -- Found rclcpp: 2.4.3 (/opt/ros/foxy/share/rclcpp/cmake)
[0.594s] -- Using all available rosidl_typesupport_c: rosidl_typesupport_fastrtps_c;rosidl_typesupport_introspection_c
[0.598s] -- Found rosidl_adapter: 1.3.1 (/opt/ros/foxy/share/rosidl_adapter/cmake)
[0.656s] -- Found OpenSSL: /usr/lib/x86_64-linux-gnu/libcrypto.so (found version "1.1.1f")  
[0.676s] -- Found FastRTPS: /opt/ros/foxy/include  
[0.732s] -- Using all available rosidl_typesupport_cpp: rosidl_typesupport_fastrtps_cpp;rosidl_typesupport_introspection_cpp
[0.769s] -- Found rmw_implementation_cmake: 1.0.4 (/opt/ros/foxy/share/rmw_implementation_cmake/cmake)
[0.769s] -- Using RMW implementation 'rmw_fastrtps_cpp' as default
[0.770s] -- Looking for pthread.h
[0.828s] -- Looking for pthread.h - found
[0.829s] -- Performing Test CMAKE_HAVE_LIBC_PTHREAD
[0.882s] -- Performing Test CMAKE_HAVE_LIBC_PTHREAD - Failed
[0.883s] -- Looking for pthread_create in pthreads
[0.915s] -- Looking for pthread_create in pthreads - not found
[0.915s] -- Looking for pthread_create in pthread
[0.951s] -- Looking for pthread_create in pthread - found
[0.953s] -- Found Threads: TRUE  
[1.057s] -- Found ament_lint_auto: 0.9.8 (/opt/ros/foxy/share/ament_lint_auto/cmake)
[1.104s] -- Added test 'copyright' to check source files copyright and LICENSE
[1.105s] -- Added test 'cppcheck' to perform static code analysis on C / C++ code
[1.105s] -- Configured cppcheck include dirs: 
[1.105s] -- Configured cppcheck exclude dirs and/or files: 
[1.106s] -- Added test 'cpplint' to check C / C++ code against the Google style
[1.106s] -- Configured cpplint exclude dirs and/or files: 
[1.106s] -- Added test 'flake8' to check Python code syntax and style conventions
[1.107s] -- Added test 'lint_cmake' to check CMake code style
[1.107s] -- Added test 'pep257' to check Python code against some of the style conventions in PEP 257
[1.108s] -- Added test 'uncrustify' to check C / C++ code style
[1.108s] -- Configured uncrustify additional arguments: 
[1.108s] -- Added test 'xmllint' to check XML markup files
[1.110s] -- Configuring done
[1.114s] -- Generating done
[1.116s] -- Build files have been written to: /home/el-system/launcher_l/build/drone_teleop
[1.122s] Invoked command in '/home/el-system/launcher_l/build/drone_teleop' returned '0': CMAKE_PREFIX_PATH=/opt/ros/foxy /usr/bin/cmake /home/el-system/launcher_l/src/drone_teleop -DCMAKE_INSTALL_PREFIX=/home/el-system/launcher_l/install/drone_teleop
[1.122s] Invoking command in '/home/el-system/launcher_l/build/drone_teleop': CMAKE_PREFIX_PATH=/opt/ros/foxy /usr/bin/cmake --build /home/el-system/launcher_l/build/drone_teleop -- -j12 -l12
[1.147s] [35m[1mScanning dependencies of target control[0m
[1.194s] [ 50%] [32mBuilding CXX object CMakeFiles/control.dir/src/teleop_sequencer_node.cpp.o[0m
[3.184s] [100%] [32m[1mLinking CXX executable control[0m
[3.287s] [100%] Built target control
[3.295s] Invoked command in '/home/el-system/launcher_l/build/drone_teleop' returned '0': CMAKE_PREFIX_PATH=/opt/ros/foxy /usr/bin/cmake --build /home/el-system/launcher_l/build/drone_teleop -- -j12 -l12
[3.306s] Invoking command in '/home/el-system/launcher_l/build/drone_teleop': CMAKE_PREFIX_PATH=/opt/ros/foxy /usr/bin/cmake --install /home/el-system/launcher_l/build/drone_teleop
[3.311s] -- Install configuration: ""
[3.311s] -- Installing: /home/el-system/launcher_l/install/drone_teleop/lib/drone_teleop/control
[3.311s] -- Set runtime path of "/home/el-system/launcher_l/install/drone_teleop/lib/drone_teleop/control" to ""
[3.311s] -- Installing: /home/el-system/launcher_l/install/drone_teleop/share/drone_teleop/launch
[3.311s] -- Installing: /home/el-system/launcher_l/install/drone_teleop/share/drone_teleop/launch/dual_launch.py
[3.312s] -- Installing: /home/el-system/launcher_l/install/drone_teleop/share/ament_index/resource_index/package_run_dependencies/drone_teleop
[3.312s] -- Installing: /home/el-system/launcher_l/install/drone_teleop/share/ament_index/resource_index/parent_prefix_path/drone_teleop
[3.312s] -- Installing: /home/el-system/launcher_l/install/drone_teleop/share/drone_teleop/environment/ament_prefix_path.sh
[3.312s] -- Installing: /home/el-system/launcher_l/install/drone_teleop/share/drone_teleop/environment/ament_prefix_path.dsv
[3.312s] -- Installing: /home/el-system/launcher_l/install/drone_teleop/share/drone_teleop/environment/path.sh
[3.312s] -- Installing: /home/el-system/launcher_l/install/drone_teleop/share/drone_teleop/environment/path.dsv
[3.312s] -- Installing: /home/el-system/launcher_l/install/drone_teleop/share/drone_teleop/local_setup.bash
[3.313s] -- Installing: /home/el-system/launcher_l/install/drone_teleop/share/drone_teleop/local_setup.sh
[3.313s] -- Installing: /home/el-system/launcher_l/install/drone_teleop/share/drone_teleop/local_setup.zsh
[3.313s] -- Installing: /home/el-system/launcher_l/install/drone_teleop/share/drone_teleop/local_setup.dsv
[3.313s] -- Installing: /home/el-system/launcher_l/install/drone_teleop/share/drone_teleop/package.dsv
[3.313s] -- Installing: /home/el-system/launcher_l/install/drone_teleop/share/ament_index/resource_index/packages/drone_teleop
[3.313s] -- Installing: /home/el-system/launcher_l/install/drone_teleop/share/drone_teleop/cmake/drone_teleopConfig.cmake
[3.314s] -- Installing: /home/el-system/launcher_l/install/drone_teleop/share/drone_teleop/cmake/drone_teleopConfig-version.cmake
[3.314s] -- Installing: /home/el-system/launcher_l/install/drone_teleop/share/drone_teleop/package.xml
[3.315s] Invoked command in '/home/el-system/launcher_l/build/drone_teleop' returned '0': CMAKE_PREFIX_PATH=/opt/ros/foxy /usr/bin/cmake --install /home/el-system/launcher_l/build/drone_teleop
