[0.016s] Invoking command in '/home/el-system/launcher_l/build/drone_teleop': CMAKE_PREFIX_PATH=${CMAKE_PREFIX_PATH}:/opt/ros/foxy /usr/bin/cmake --build /home/el-system/launcher_l/build/drone_teleop -- -j12 -l12
[0.059s] [100%] Built target control
[0.068s] Invoked command in '/home/el-system/launcher_l/build/drone_teleop' returned '0': CMAKE_PREFIX_PATH=${CMAKE_PREFIX_PATH}:/opt/ros/foxy /usr/bin/cmake --build /home/el-system/launcher_l/build/drone_teleop -- -j12 -l12
[0.077s] Invoking command in '/home/el-system/launcher_l/build/drone_teleop': CMAKE_PREFIX_PATH=${CMAKE_PREFIX_PATH}:/opt/ros/foxy /usr/bin/cmake --install /home/el-system/launcher_l/build/drone_teleop
[0.083s] -- Install configuration: ""
[0.083s] -- Up-to-date: /home/el-system/launcher_l/install/drone_teleop/lib/drone_teleop/control
[0.084s] -- Up-to-date: /home/el-system/launcher_l/install/drone_teleop/share/drone_teleop/launch
[0.085s] -- Installing: /home/el-system/launcher_l/install/drone_teleop/share/drone_teleop/launch/dual_launch.py
[0.085s] -- Up-to-date: /home/el-system/launcher_l/install/drone_teleop/share/ament_index/resource_index/package_run_dependencies/drone_teleop
[0.085s] -- Up-to-date: /home/el-system/launcher_l/install/drone_teleop/share/ament_index/resource_index/parent_prefix_path/drone_teleop
[0.085s] -- Up-to-date: /home/el-system/launcher_l/install/drone_teleop/share/drone_teleop/environment/ament_prefix_path.sh
[0.086s] -- Up-to-date: /home/el-system/launcher_l/install/drone_teleop/share/drone_teleop/environment/ament_prefix_path.dsv
[0.086s] -- Up-to-date: /home/el-system/launcher_l/install/drone_teleop/share/drone_teleop/environment/path.sh
[0.086s] -- Up-to-date: /home/el-system/launcher_l/install/drone_teleop/share/drone_teleop/environment/path.dsv
[0.086s] -- Up-to-date: /home/el-system/launcher_l/install/drone_teleop/share/drone_teleop/local_setup.bash
[0.086s] -- Up-to-date: /home/el-system/launcher_l/install/drone_teleop/share/drone_teleop/local_setup.sh
[0.087s] -- Up-to-date: /home/el-system/launcher_l/install/drone_teleop/share/drone_teleop/local_setup.zsh
[0.087s] -- Up-to-date: /home/el-system/launcher_l/install/drone_teleop/share/drone_teleop/local_setup.dsv
[0.087s] -- Installing: /home/el-system/launcher_l/install/drone_teleop/share/drone_teleop/package.dsv
[0.087s] -- Up-to-date: /home/el-system/launcher_l/install/drone_teleop/share/ament_index/resource_index/packages/drone_teleop
[0.087s] -- Up-to-date: /home/el-system/launcher_l/install/drone_teleop/share/drone_teleop/cmake/drone_teleopConfig.cmake
[0.088s] -- Up-to-date: /home/el-system/launcher_l/install/drone_teleop/share/drone_teleop/cmake/drone_teleopConfig-version.cmake
[0.088s] -- Up-to-date: /home/el-system/launcher_l/install/drone_teleop/share/drone_teleop/package.xml
[0.089s] Invoked command in '/home/el-system/launcher_l/build/drone_teleop' returned '0': CMAKE_PREFIX_PATH=${CMAKE_PREFIX_PATH}:/opt/ros/foxy /usr/bin/cmake --install /home/el-system/launcher_l/build/drone_teleop
