[0.152s] DEBUG:colcon:Command line arguments: ['/usr/bin/colcon', 'build']
[0.152s] DEBUG:colcon:Parsed command line arguments: Namespace(allow_overriding=[], ament_cmake_args=None, base_paths=['.'], build_base='build', catkin_cmake_args=None, catkin_skip_building_tests=False, cmake_args=None, cmake_clean_cache=False, cmake_clean_first=False, cmake_force_configure=False, cmake_target=None, cmake_target_skip_unavailable=False, continue_on_error=False, event_handlers=None, executor='parallel', ignore_user_meta=False, install_base='install', log_base=None, log_level=None, main=<bound method BuildVerb.main of <colcon_core.verb.build.BuildVerb object at 0x7fd06a3904f0>>, merge_install=False, metas=['./colcon.meta'], mixin=None, mixin_files=None, mixin_verb=('build',), packages_above=None, packages_above_and_dependencies=None, packages_above_depth=None, packages_end=None, packages_ignore=None, packages_ignore_regex=None, packages_select=None, packages_select_build_failed=False, packages_select_by_dep=None, packages_select_regex=None, packages_select_test_failures=False, packages_skip=None, packages_skip_build_finished=False, packages_skip_by_dep=None, packages_skip_regex=None, packages_skip_test_passed=False, packages_skip_up_to=None, packages_start=None, packages_up_to=None, packages_up_to_regex=None, parallel_workers=12, paths=None, symlink_install=False, test_result_base=None, verb_extension=<colcon_core.verb.build.BuildVerb object at 0x7fd06a3904f0>, verb_name='build', verb_parser=<colcon_mixin.mixin.mixin_argument.MixinArgumentDecorator object at 0x7fd06a2e4be0>)
[0.184s] Level 1:colcon.colcon_core.package_discovery:discover_packages(colcon_meta) check parameters
[0.184s] Level 1:colcon.colcon_core.package_discovery:discover_packages(recursive) check parameters
[0.184s] Level 1:colcon.colcon_core.package_discovery:discover_packages(ignore) check parameters
[0.184s] Level 1:colcon.colcon_core.package_discovery:discover_packages(path) check parameters
[0.184s] Level 1:colcon.colcon_core.package_discovery:discover_packages(colcon_meta) discover
[0.184s] Level 1:colcon.colcon_core.package_discovery:discover_packages(recursive) discover
[0.184s] INFO:colcon.colcon_core.package_discovery:Crawling recursively for packages in '/home/el-system/launcher_l'
[0.184s] Level 1:colcon.colcon_core.package_identification:_identify(.) by extensions ['ignore', 'ignore_ament_install']
[0.184s] Level 1:colcon.colcon_core.package_identification:_identify(.) by extension 'ignore'
[0.184s] Level 1:colcon.colcon_core.package_identification:_identify(.) by extension 'ignore_ament_install'
[0.184s] Level 1:colcon.colcon_core.package_identification:_identify(.) by extensions ['colcon_pkg']
[0.184s] Level 1:colcon.colcon_core.package_identification:_identify(.) by extension 'colcon_pkg'
[0.184s] Level 1:colcon.colcon_core.package_identification:_identify(.) by extensions ['colcon_meta']
[0.184s] Level 1:colcon.colcon_core.package_identification:_identify(.) by extension 'colcon_meta'
[0.184s] Level 1:colcon.colcon_core.package_identification:_identify(.) by extensions ['ros']
[0.184s] Level 1:colcon.colcon_core.package_identification:_identify(.) by extension 'ros'
[0.194s] Level 1:colcon.colcon_core.package_identification:_identify(.) by extensions ['cmake', 'python']
[0.194s] Level 1:colcon.colcon_core.package_identification:_identify(.) by extension 'cmake'
[0.194s] Level 1:colcon.colcon_core.package_identification:_identify(.) by extension 'python'
[0.194s] Level 1:colcon.colcon_core.package_identification:_identify(.) by extensions ['python_setup_py']
[0.194s] Level 1:colcon.colcon_core.package_identification:_identify(.) by extension 'python_setup_py'
[0.194s] Level 1:colcon.colcon_core.package_identification:_identify(build) by extensions ['ignore', 'ignore_ament_install']
[0.194s] Level 1:colcon.colcon_core.package_identification:_identify(build) by extension 'ignore'
[0.194s] Level 1:colcon.colcon_core.package_identification:_identify(build) ignored
[0.194s] Level 1:colcon.colcon_core.package_identification:_identify(install) by extensions ['ignore', 'ignore_ament_install']
[0.194s] Level 1:colcon.colcon_core.package_identification:_identify(install) by extension 'ignore'
[0.194s] Level 1:colcon.colcon_core.package_identification:_identify(install) ignored
[0.194s] Level 1:colcon.colcon_core.package_identification:_identify(log) by extensions ['ignore', 'ignore_ament_install']
[0.194s] Level 1:colcon.colcon_core.package_identification:_identify(log) by extension 'ignore'
[0.194s] Level 1:colcon.colcon_core.package_identification:_identify(log) ignored
[0.194s] Level 1:colcon.colcon_core.package_identification:_identify(src) by extensions ['ignore', 'ignore_ament_install']
[0.194s] Level 1:colcon.colcon_core.package_identification:_identify(src) by extension 'ignore'
[0.194s] Level 1:colcon.colcon_core.package_identification:_identify(src) by extension 'ignore_ament_install'
[0.194s] Level 1:colcon.colcon_core.package_identification:_identify(src) by extensions ['colcon_pkg']
[0.194s] Level 1:colcon.colcon_core.package_identification:_identify(src) by extension 'colcon_pkg'
[0.195s] Level 1:colcon.colcon_core.package_identification:_identify(src) by extensions ['colcon_meta']
[0.195s] Level 1:colcon.colcon_core.package_identification:_identify(src) by extension 'colcon_meta'
[0.195s] Level 1:colcon.colcon_core.package_identification:_identify(src) by extensions ['ros']
[0.195s] Level 1:colcon.colcon_core.package_identification:_identify(src) by extension 'ros'
[0.195s] Level 1:colcon.colcon_core.package_identification:_identify(src) by extensions ['cmake', 'python']
[0.195s] Level 1:colcon.colcon_core.package_identification:_identify(src) by extension 'cmake'
[0.195s] Level 1:colcon.colcon_core.package_identification:_identify(src) by extension 'python'
[0.195s] Level 1:colcon.colcon_core.package_identification:_identify(src) by extensions ['python_setup_py']
[0.195s] Level 1:colcon.colcon_core.package_identification:_identify(src) by extension 'python_setup_py'
[0.195s] Level 1:colcon.colcon_core.package_identification:_identify(src/drone_sender) by extensions ['ignore', 'ignore_ament_install']
[0.195s] Level 1:colcon.colcon_core.package_identification:_identify(src/drone_sender) by extension 'ignore'
[0.195s] Level 1:colcon.colcon_core.package_identification:_identify(src/drone_sender) by extension 'ignore_ament_install'
[0.195s] Level 1:colcon.colcon_core.package_identification:_identify(src/drone_sender) by extensions ['colcon_pkg']
[0.195s] Level 1:colcon.colcon_core.package_identification:_identify(src/drone_sender) by extension 'colcon_pkg'
[0.195s] Level 1:colcon.colcon_core.package_identification:_identify(src/drone_sender) by extensions ['colcon_meta']
[0.195s] Level 1:colcon.colcon_core.package_identification:_identify(src/drone_sender) by extension 'colcon_meta'
[0.195s] Level 1:colcon.colcon_core.package_identification:_identify(src/drone_sender) by extensions ['ros']
[0.195s] Level 1:colcon.colcon_core.package_identification:_identify(src/drone_sender) by extension 'ros'
[0.197s] DEBUG:colcon.colcon_core.package_identification:Package 'src/drone_sender' with type 'ros.ament_cmake' and name 'drone_sender'
[0.197s] Level 1:colcon.colcon_core.package_identification:_identify(src/drone_teleop) by extensions ['ignore', 'ignore_ament_install']
[0.197s] Level 1:colcon.colcon_core.package_identification:_identify(src/drone_teleop) by extension 'ignore'
[0.197s] Level 1:colcon.colcon_core.package_identification:_identify(src/drone_teleop) by extension 'ignore_ament_install'
[0.197s] Level 1:colcon.colcon_core.package_identification:_identify(src/drone_teleop) by extensions ['colcon_pkg']
[0.197s] Level 1:colcon.colcon_core.package_identification:_identify(src/drone_teleop) by extension 'colcon_pkg'
[0.197s] Level 1:colcon.colcon_core.package_identification:_identify(src/drone_teleop) by extensions ['colcon_meta']
[0.197s] Level 1:colcon.colcon_core.package_identification:_identify(src/drone_teleop) by extension 'colcon_meta'
[0.197s] Level 1:colcon.colcon_core.package_identification:_identify(src/drone_teleop) by extensions ['ros']
[0.197s] Level 1:colcon.colcon_core.package_identification:_identify(src/drone_teleop) by extension 'ros'
[0.197s] DEBUG:colcon.colcon_core.package_identification:Package 'src/drone_teleop' with type 'ros.ament_cmake' and name 'drone_teleop'
[0.197s] Level 1:colcon.colcon_core.package_discovery:discover_packages(recursive) using defaults
[0.197s] Level 1:colcon.colcon_core.package_discovery:discover_packages(ignore) discover
[0.197s] Level 1:colcon.colcon_core.package_discovery:discover_packages(ignore) using defaults
[0.197s] Level 1:colcon.colcon_core.package_discovery:discover_packages(path) discover
[0.197s] Level 1:colcon.colcon_core.package_discovery:discover_packages(path) using defaults
[0.210s] Level 1:colcon.colcon_core.package_discovery:discover_packages(prefix_path) check parameters
[0.210s] Level 1:colcon.colcon_core.package_discovery:discover_packages(prefix_path) discover
[0.211s] DEBUG:colcon.colcon_installed_package_information.package_discovery:Found 270 installed packages in /opt/ros/foxy
[0.212s] Level 1:colcon.colcon_core.package_discovery:discover_packages(prefix_path) using defaults
[0.239s] Level 5:colcon.colcon_core.verb:set package 'drone_sender' build argument 'cmake_args' from command line to 'None'
[0.239s] Level 5:colcon.colcon_core.verb:set package 'drone_sender' build argument 'cmake_target' from command line to 'None'
[0.239s] Level 5:colcon.colcon_core.verb:set package 'drone_sender' build argument 'cmake_target_skip_unavailable' from command line to 'False'
[0.239s] Level 5:colcon.colcon_core.verb:set package 'drone_sender' build argument 'cmake_clean_cache' from command line to 'False'
[0.239s] Level 5:colcon.colcon_core.verb:set package 'drone_sender' build argument 'cmake_clean_first' from command line to 'False'
[0.239s] Level 5:colcon.colcon_core.verb:set package 'drone_sender' build argument 'cmake_force_configure' from command line to 'False'
[0.239s] Level 5:colcon.colcon_core.verb:set package 'drone_sender' build argument 'ament_cmake_args' from command line to 'None'
[0.239s] Level 5:colcon.colcon_core.verb:set package 'drone_sender' build argument 'catkin_cmake_args' from command line to 'None'
[0.239s] Level 5:colcon.colcon_core.verb:set package 'drone_sender' build argument 'catkin_skip_building_tests' from command line to 'False'
[0.239s] DEBUG:colcon.colcon_core.verb:Building package 'drone_sender' with the following arguments: {'ament_cmake_args': None, 'build_base': '/home/el-system/launcher_l/build/drone_sender', 'catkin_cmake_args': None, 'catkin_skip_building_tests': False, 'cmake_args': None, 'cmake_clean_cache': False, 'cmake_clean_first': False, 'cmake_force_configure': False, 'cmake_target': None, 'cmake_target_skip_unavailable': False, 'install_base': '/home/el-system/launcher_l/install/drone_sender', 'merge_install': False, 'path': '/home/el-system/launcher_l/src/drone_sender', 'symlink_install': False, 'test_result_base': None}
[0.239s] Level 5:colcon.colcon_core.verb:set package 'drone_teleop' build argument 'cmake_args' from command line to 'None'
[0.239s] Level 5:colcon.colcon_core.verb:set package 'drone_teleop' build argument 'cmake_target' from command line to 'None'
[0.239s] Level 5:colcon.colcon_core.verb:set package 'drone_teleop' build argument 'cmake_target_skip_unavailable' from command line to 'False'
[0.239s] Level 5:colcon.colcon_core.verb:set package 'drone_teleop' build argument 'cmake_clean_cache' from command line to 'False'
[0.239s] Level 5:colcon.colcon_core.verb:set package 'drone_teleop' build argument 'cmake_clean_first' from command line to 'False'
[0.239s] Level 5:colcon.colcon_core.verb:set package 'drone_teleop' build argument 'cmake_force_configure' from command line to 'False'
[0.239s] Level 5:colcon.colcon_core.verb:set package 'drone_teleop' build argument 'ament_cmake_args' from command line to 'None'
[0.239s] Level 5:colcon.colcon_core.verb:set package 'drone_teleop' build argument 'catkin_cmake_args' from command line to 'None'
[0.239s] Level 5:colcon.colcon_core.verb:set package 'drone_teleop' build argument 'catkin_skip_building_tests' from command line to 'False'
[0.239s] DEBUG:colcon.colcon_core.verb:Building package 'drone_teleop' with the following arguments: {'ament_cmake_args': None, 'build_base': '/home/el-system/launcher_l/build/drone_teleop', 'catkin_cmake_args': None, 'catkin_skip_building_tests': False, 'cmake_args': None, 'cmake_clean_cache': False, 'cmake_clean_first': False, 'cmake_force_configure': False, 'cmake_target': None, 'cmake_target_skip_unavailable': False, 'install_base': '/home/el-system/launcher_l/install/drone_teleop', 'merge_install': False, 'path': '/home/el-system/launcher_l/src/drone_teleop', 'symlink_install': False, 'test_result_base': None}
[0.239s] INFO:colcon.colcon_core.executor:Executing jobs using 'parallel' executor
[0.240s] DEBUG:colcon.colcon_parallel_executor.executor.parallel:run_until_complete
[0.240s] INFO:colcon.colcon_ros.task.ament_cmake.build:Building ROS package in '/home/el-system/launcher_l/src/drone_sender' with build type 'ament_cmake'
[0.240s] INFO:colcon.colcon_cmake.task.cmake.build:Building CMake package in '/home/el-system/launcher_l/src/drone_sender'
[0.242s] INFO:colcon.colcon_core.plugin_system:Skipping extension 'colcon_core.shell.bat': Not used on non-Windows systems
[0.242s] INFO:colcon.colcon_core.shell:Skip shell extension 'powershell' for command environment: Not usable outside of PowerShell
[0.242s] DEBUG:colcon.colcon_core.shell:Skip shell extension 'dsv' for command environment
[0.252s] INFO:colcon.colcon_ros.task.ament_cmake.build:Building ROS package in '/home/el-system/launcher_l/src/drone_teleop' with build type 'ament_cmake'
[0.252s] INFO:colcon.colcon_cmake.task.cmake.build:Building CMake package in '/home/el-system/launcher_l/src/drone_teleop'
[0.252s] INFO:colcon.colcon_core.shell:Skip shell extension 'powershell' for command environment: Not usable outside of PowerShell
[0.252s] DEBUG:colcon.colcon_core.shell:Skip shell extension 'dsv' for command environment
[0.261s] DEBUG:colcon.colcon_core.event_handler.log_command:Invoking command in '/home/el-system/launcher_l/build/drone_sender': CMAKE_PREFIX_PATH=/opt/ros/foxy /usr/bin/cmake --build /home/el-system/launcher_l/build/drone_sender -- -j12 -l12
[0.266s] DEBUG:colcon.colcon_core.event_handler.log_command:Invoking command in '/home/el-system/launcher_l/build/drone_teleop': CMAKE_PREFIX_PATH=/opt/ros/foxy /usr/bin/cmake --build /home/el-system/launcher_l/build/drone_teleop -- -j12 -l12
[0.311s] DEBUG:colcon.colcon_core.event_handler.log_command:Invoked command in '/home/el-system/launcher_l/build/drone_sender' returned '0': CMAKE_PREFIX_PATH=/opt/ros/foxy /usr/bin/cmake --build /home/el-system/launcher_l/build/drone_sender -- -j12 -l12
[0.321s] DEBUG:colcon.colcon_core.event_handler.log_command:Invoking command in '/home/el-system/launcher_l/build/drone_sender': CMAKE_PREFIX_PATH=/opt/ros/foxy /usr/bin/cmake --install /home/el-system/launcher_l/build/drone_sender
[0.323s] DEBUG:colcon.colcon_core.event_handler.log_command:Invoked command in '/home/el-system/launcher_l/build/drone_teleop' returned '0': CMAKE_PREFIX_PATH=/opt/ros/foxy /usr/bin/cmake --build /home/el-system/launcher_l/build/drone_teleop -- -j12 -l12
[0.326s] DEBUG:colcon.colcon_core.event_handler.log_command:Invoking command in '/home/el-system/launcher_l/build/drone_teleop': CMAKE_PREFIX_PATH=/opt/ros/foxy /usr/bin/cmake --install /home/el-system/launcher_l/build/drone_teleop
[0.328s] Level 1:colcon.colcon_core.environment:create_environment_scripts_only(drone_sender)
[0.331s] Level 1:colcon.colcon_core.environment:checking '/home/el-system/launcher_l/install/drone_sender' for CMake module files
[0.332s] DEBUG:colcon.colcon_core.event_handler.log_command:Invoked command in '/home/el-system/launcher_l/build/drone_sender' returned '0': CMAKE_PREFIX_PATH=/opt/ros/foxy /usr/bin/cmake --install /home/el-system/launcher_l/build/drone_sender
[0.332s] Level 1:colcon.colcon_core.environment:checking '/home/el-system/launcher_l/install/drone_sender' for CMake config files
[0.333s] Level 1:colcon.colcon_core.shell:create_environment_hook('drone_sender', 'cmake_prefix_path')
[0.333s] INFO:colcon.colcon_core.shell:Creating environment hook '/home/el-system/launcher_l/install/drone_sender/share/drone_sender/hook/cmake_prefix_path.ps1'
[0.333s] INFO:colcon.colcon_core.shell:Creating environment descriptor '/home/el-system/launcher_l/install/drone_sender/share/drone_sender/hook/cmake_prefix_path.dsv'
[0.334s] INFO:colcon.colcon_core.shell:Creating environment hook '/home/el-system/launcher_l/install/drone_sender/share/drone_sender/hook/cmake_prefix_path.sh'
[0.335s] Level 1:colcon.colcon_core.environment:checking '/home/el-system/launcher_l/install/drone_sender/lib'
[0.335s] Level 1:colcon.colcon_core.environment:checking '/home/el-system/launcher_l/install/drone_sender/bin'
[0.335s] Level 1:colcon.colcon_core.environment:checking '/home/el-system/launcher_l/install/drone_sender/lib/pkgconfig/drone_sender.pc'
[0.335s] Level 1:colcon.colcon_core.environment:checking '/home/el-system/launcher_l/install/drone_sender/lib/python3.8/site-packages'
[0.335s] Level 1:colcon.colcon_core.environment:checking '/home/el-system/launcher_l/install/drone_sender/bin'
[0.335s] INFO:colcon.colcon_core.shell:Creating package script '/home/el-system/launcher_l/install/drone_sender/share/drone_sender/package.ps1'
[0.336s] INFO:colcon.colcon_core.shell:Creating package descriptor '/home/el-system/launcher_l/install/drone_sender/share/drone_sender/package.dsv'
[0.337s] INFO:colcon.colcon_core.shell:Creating package script '/home/el-system/launcher_l/install/drone_sender/share/drone_sender/package.sh'
[0.337s] INFO:colcon.colcon_core.shell:Creating package script '/home/el-system/launcher_l/install/drone_sender/share/drone_sender/package.bash'
[0.338s] INFO:colcon.colcon_core.shell:Creating package script '/home/el-system/launcher_l/install/drone_sender/share/drone_sender/package.zsh'
[0.338s] Level 1:colcon.colcon_core.environment:create_file_with_runtime_dependencies(/home/el-system/launcher_l/install/drone_sender/share/colcon-core/packages/drone_sender)
[0.338s] Level 1:colcon.colcon_core.environment:create_environment_scripts_only(drone_sender)
[0.338s] Level 1:colcon.colcon_core.environment:checking '/home/el-system/launcher_l/install/drone_sender' for CMake module files
[0.339s] Level 1:colcon.colcon_core.environment:checking '/home/el-system/launcher_l/install/drone_sender' for CMake config files
[0.339s] Level 1:colcon.colcon_core.shell:create_environment_hook('drone_sender', 'cmake_prefix_path')
[0.339s] INFO:colcon.colcon_core.shell:Creating environment hook '/home/el-system/launcher_l/install/drone_sender/share/drone_sender/hook/cmake_prefix_path.ps1'
[0.339s] INFO:colcon.colcon_core.shell:Creating environment descriptor '/home/el-system/launcher_l/install/drone_sender/share/drone_sender/hook/cmake_prefix_path.dsv'
[0.339s] INFO:colcon.colcon_core.shell:Creating environment hook '/home/el-system/launcher_l/install/drone_sender/share/drone_sender/hook/cmake_prefix_path.sh'
[0.340s] Level 1:colcon.colcon_core.environment:checking '/home/el-system/launcher_l/install/drone_sender/lib'
[0.340s] Level 1:colcon.colcon_core.environment:checking '/home/el-system/launcher_l/install/drone_sender/bin'
[0.340s] Level 1:colcon.colcon_core.environment:checking '/home/el-system/launcher_l/install/drone_sender/lib/pkgconfig/drone_sender.pc'
[0.340s] Level 1:colcon.colcon_core.environment:checking '/home/el-system/launcher_l/install/drone_sender/lib/python3.8/site-packages'
[0.340s] Level 1:colcon.colcon_core.environment:checking '/home/el-system/launcher_l/install/drone_sender/bin'
[0.340s] INFO:colcon.colcon_core.shell:Creating package script '/home/el-system/launcher_l/install/drone_sender/share/drone_sender/package.ps1'
[0.341s] INFO:colcon.colcon_core.shell:Creating package descriptor '/home/el-system/launcher_l/install/drone_sender/share/drone_sender/package.dsv'
[0.341s] INFO:colcon.colcon_core.shell:Creating package script '/home/el-system/launcher_l/install/drone_sender/share/drone_sender/package.sh'
[0.341s] INFO:colcon.colcon_core.shell:Creating package script '/home/el-system/launcher_l/install/drone_sender/share/drone_sender/package.bash'
[0.341s] INFO:colcon.colcon_core.shell:Creating package script '/home/el-system/launcher_l/install/drone_sender/share/drone_sender/package.zsh'
[0.341s] Level 1:colcon.colcon_core.environment:create_file_with_runtime_dependencies(/home/el-system/launcher_l/install/drone_sender/share/colcon-core/packages/drone_sender)
[0.342s] Level 1:colcon.colcon_core.environment:create_environment_scripts_only(drone_teleop)
[0.343s] Level 1:colcon.colcon_core.environment:checking '/home/el-system/launcher_l/install/drone_teleop' for CMake module files
[0.343s] DEBUG:colcon.colcon_core.event_handler.log_command:Invoked command in '/home/el-system/launcher_l/build/drone_teleop' returned '0': CMAKE_PREFIX_PATH=/opt/ros/foxy /usr/bin/cmake --install /home/el-system/launcher_l/build/drone_teleop
[0.343s] Level 1:colcon.colcon_core.environment:checking '/home/el-system/launcher_l/install/drone_teleop' for CMake config files
[0.343s] Level 1:colcon.colcon_core.shell:create_environment_hook('drone_teleop', 'cmake_prefix_path')
[0.343s] INFO:colcon.colcon_core.shell:Creating environment hook '/home/el-system/launcher_l/install/drone_teleop/share/drone_teleop/hook/cmake_prefix_path.ps1'
[0.344s] INFO:colcon.colcon_core.shell:Creating environment descriptor '/home/el-system/launcher_l/install/drone_teleop/share/drone_teleop/hook/cmake_prefix_path.dsv'
[0.344s] INFO:colcon.colcon_core.shell:Creating environment hook '/home/el-system/launcher_l/install/drone_teleop/share/drone_teleop/hook/cmake_prefix_path.sh'
[0.344s] Level 1:colcon.colcon_core.environment:checking '/home/el-system/launcher_l/install/drone_teleop/lib'
[0.344s] Level 1:colcon.colcon_core.environment:checking '/home/el-system/launcher_l/install/drone_teleop/bin'
[0.344s] Level 1:colcon.colcon_core.environment:checking '/home/el-system/launcher_l/install/drone_teleop/lib/pkgconfig/drone_teleop.pc'
[0.344s] Level 1:colcon.colcon_core.environment:checking '/home/el-system/launcher_l/install/drone_teleop/lib/python3.8/site-packages'
[0.344s] Level 1:colcon.colcon_core.environment:checking '/home/el-system/launcher_l/install/drone_teleop/bin'
[0.345s] INFO:colcon.colcon_core.shell:Creating package script '/home/el-system/launcher_l/install/drone_teleop/share/drone_teleop/package.ps1'
[0.345s] INFO:colcon.colcon_core.shell:Creating package descriptor '/home/el-system/launcher_l/install/drone_teleop/share/drone_teleop/package.dsv'
[0.345s] INFO:colcon.colcon_core.shell:Creating package script '/home/el-system/launcher_l/install/drone_teleop/share/drone_teleop/package.sh'
[0.345s] INFO:colcon.colcon_core.shell:Creating package script '/home/el-system/launcher_l/install/drone_teleop/share/drone_teleop/package.bash'
[0.345s] INFO:colcon.colcon_core.shell:Creating package script '/home/el-system/launcher_l/install/drone_teleop/share/drone_teleop/package.zsh'
[0.345s] Level 1:colcon.colcon_core.environment:create_file_with_runtime_dependencies(/home/el-system/launcher_l/install/drone_teleop/share/colcon-core/packages/drone_teleop)
[0.346s] Level 1:colcon.colcon_core.environment:create_environment_scripts_only(drone_teleop)
[0.346s] Level 1:colcon.colcon_core.environment:checking '/home/el-system/launcher_l/install/drone_teleop' for CMake module files
[0.346s] Level 1:colcon.colcon_core.environment:checking '/home/el-system/launcher_l/install/drone_teleop' for CMake config files
[0.346s] Level 1:colcon.colcon_core.shell:create_environment_hook('drone_teleop', 'cmake_prefix_path')
[0.346s] INFO:colcon.colcon_core.shell:Creating environment hook '/home/el-system/launcher_l/install/drone_teleop/share/drone_teleop/hook/cmake_prefix_path.ps1'
[0.347s] INFO:colcon.colcon_core.shell:Creating environment descriptor '/home/el-system/launcher_l/install/drone_teleop/share/drone_teleop/hook/cmake_prefix_path.dsv'
[0.347s] INFO:colcon.colcon_core.shell:Creating environment hook '/home/el-system/launcher_l/install/drone_teleop/share/drone_teleop/hook/cmake_prefix_path.sh'
[0.347s] Level 1:colcon.colcon_core.environment:checking '/home/el-system/launcher_l/install/drone_teleop/lib'
[0.347s] Level 1:colcon.colcon_core.environment:checking '/home/el-system/launcher_l/install/drone_teleop/bin'
[0.347s] Level 1:colcon.colcon_core.environment:checking '/home/el-system/launcher_l/install/drone_teleop/lib/pkgconfig/drone_teleop.pc'
[0.347s] Level 1:colcon.colcon_core.environment:checking '/home/el-system/launcher_l/install/drone_teleop/lib/python3.8/site-packages'
[0.347s] Level 1:colcon.colcon_core.environment:checking '/home/el-system/launcher_l/install/drone_teleop/bin'
[0.347s] INFO:colcon.colcon_core.shell:Creating package script '/home/el-system/launcher_l/install/drone_teleop/share/drone_teleop/package.ps1'
[0.348s] INFO:colcon.colcon_core.shell:Creating package descriptor '/home/el-system/launcher_l/install/drone_teleop/share/drone_teleop/package.dsv'
[0.348s] INFO:colcon.colcon_core.shell:Creating package script '/home/el-system/launcher_l/install/drone_teleop/share/drone_teleop/package.sh'
[0.348s] INFO:colcon.colcon_core.shell:Creating package script '/home/el-system/launcher_l/install/drone_teleop/share/drone_teleop/package.bash'
[0.348s] INFO:colcon.colcon_core.shell:Creating package script '/home/el-system/launcher_l/install/drone_teleop/share/drone_teleop/package.zsh'
[0.349s] Level 1:colcon.colcon_core.environment:create_file_with_runtime_dependencies(/home/el-system/launcher_l/install/drone_teleop/share/colcon-core/packages/drone_teleop)
[0.349s] DEBUG:colcon.colcon_parallel_executor.executor.parallel:closing loop
[0.349s] DEBUG:colcon.colcon_parallel_executor.executor.parallel:loop closed
[0.349s] DEBUG:colcon.colcon_parallel_executor.executor.parallel:run_until_complete finished with '0'
[0.349s] DEBUG:colcon.colcon_core.event_reactor:joining thread
[0.354s] INFO:colcon.colcon_core.plugin_system:Skipping extension 'colcon_notification.desktop_notification.terminal_notifier': Not used on non-Darwin systems
[0.354s] INFO:colcon.colcon_core.plugin_system:Skipping extension 'colcon_notification.desktop_notification.win32': Not used on non-Windows systems
[0.354s] INFO:colcon.colcon_notification.desktop_notification:Sending desktop notification using 'notify2'
[0.373s] DEBUG:colcon.colcon_core.event_reactor:joined thread
[0.374s] INFO:colcon.colcon_core.shell:Creating prefix script '/home/el-system/launcher_l/install/local_setup.ps1'
[0.375s] INFO:colcon.colcon_core.shell:Creating prefix util module '/home/el-system/launcher_l/install/_local_setup_util_ps1.py'
[0.376s] INFO:colcon.colcon_core.shell:Creating prefix chain script '/home/el-system/launcher_l/install/setup.ps1'
[0.377s] INFO:colcon.colcon_core.shell:Creating prefix script '/home/el-system/launcher_l/install/local_setup.sh'
[0.378s] INFO:colcon.colcon_core.shell:Creating prefix util module '/home/el-system/launcher_l/install/_local_setup_util_sh.py'
[0.378s] INFO:colcon.colcon_core.shell:Creating prefix chain script '/home/el-system/launcher_l/install/setup.sh'
[0.380s] INFO:colcon.colcon_core.shell:Creating prefix script '/home/el-system/launcher_l/install/local_setup.bash'
[0.381s] INFO:colcon.colcon_core.shell:Creating prefix chain script '/home/el-system/launcher_l/install/setup.bash'
[0.383s] INFO:colcon.colcon_core.shell:Creating prefix script '/home/el-system/launcher_l/install/local_setup.zsh'
[0.384s] INFO:colcon.colcon_core.shell:Creating prefix chain script '/home/el-system/launcher_l/install/setup.zsh'
